Removed Pin From Net: NetName=BATT_VCC_IN Pin=P2-1
Removed Pin From Net: NetName=BATT_GND Pin=P2-2
Removed Pin From Net: NetName=BATT_VCC_IN Pin=P2-3
Removed Pin From Net: NetName=BATT_GND Pin=P2-4
Removed Pin From Net: NetName=+5 Pin=P2-5
Removed Pin From Net: NetName=BATT_GND Pin=P2-6
Removed Pin From Net: NetName=+5 Pin=P2-7
Removed Pin From Net: NetName=BATT_GND Pin=P2-8
Removed Member From Class: ClassName=Sheet1 Member=P2
Added Component: Designator=J12(FP-HTSW-104-07-G-D-MFG)
Add component (AddParameter): Name = "Automotive"; Value = "No"; VariantName = "[No Variations]"
Add component (AddParameter): Name = "Category"; Value = "Conn"; VariantName = "[No Variations]"
Add component (AddParameter): Name = "ComponentLink2Description"; Value = "Datasheet"; VariantName = "[No Variations]"
Add component (AddParameter): Name = "ComponentLink2URL"; Value = "http://suddendocs.samtec.com/prints/htsw-xxx-xx-xxx-x-xx-xx-xx-mkt.pdf"; VariantName = "[No Variations]"
Add component (AddParameter): Name = "Conn Gender"; Value = "Male"; VariantName = "[No Variations]"
Add component (AddParameter): Name = "Conn Orientation"; Value = "Straight"; VariantName = "[No Variations]"
Add component (AddParameter): Name = "Contact Material"; Value = "Gold,Nickel"; VariantName = "[No Variations]"
Add component (AddParameter): Name = "Current Rating"; Value = "6.3A"; VariantName = "[No Variations]"
Add component (AddParameter): Name = "Device Class L1"; Value = "Connectors"; VariantName = "[No Variations]"
Add component (AddParameter): Name = "Device Class L2"; Value = "Headers and Wire Housings"; VariantName = "[No Variations]"
Add component (AddParameter): Name = "Device Class L3"; Value = "unset"; VariantName = "[No Variations]"
Add component (AddParameter): Name = "Digikey Description"; Value = "CONN HEADER VERT 8POS 2.54MM"; VariantName = "[No Variations]"
Add component (AddParameter): Name = "Footprint Url"; Value = "http://suddendocs.samtec.com/prints/htsw-xxx-xx-xxx-x-xx-xx-xx-footprint.pdf"; VariantName = "[No Variations]"
Add component (AddParameter): Name = "Height"; Value = "8.71mm"; VariantName = "[No Variations]"
Add component (AddParameter): Name = "Lead Free"; Value = "Yes"; VariantName = "[No Variations]"
Add component (AddParameter): Name = "Manufacturer"; Value = "Samtec"; VariantName = "[No Variations]"
Add component (AddParameter): Name = "Manufacturer Part Number"; Value = "HTSW-104-07-G-D"; VariantName = "[No Variations]"
Add component (AddParameter): Name = "Number Of Contacts"; Value = "8"; VariantName = "[No Variations]"
Add component (AddParameter): Name = "Number Of Rows"; Value = "2"; VariantName = "[No Variations]"
Add component (AddParameter): Name = "Octopart"; Value = "https://octopart.com/htsw-104-07-g-d-samtec-10613822"; VariantName = "[No Variations]"
Add component (AddParameter): Name = "Package"; Value = "HTSW-104-07-G-D"; VariantName = "[No Variations]"
Add component (AddParameter): Name = "Pitch"; Value = "2.54mm"; VariantName = "[No Variations]"
Add component (AddParameter): Name = "RoHS"; Value = "TRUE"; VariantName = "[No Variations]"
Add component (AddParameter): Name = "Temperature"; Value = "-55°C to +125°C"; VariantName = "[No Variations]"
Add component (AddParameter): Name = "Temperature Range High"; Value = "+125°C"; VariantName = "[No Variations]"
Add component (AddParameter): Name = "Temperature Range Low"; Value = "-55°C"; VariantName = "[No Variations]"
Add component (AddParameter): Name = "Voltage Rating"; Value = "550V"; VariantName = "[No Variations]"
Added Pin To Net: NetName=BATT_VCC_IN Pin=J12-1
Added Pin To Net: NetName=BATT_GND Pin=J12-2
Added Pin To Net: NetName=BATT_VCC_IN Pin=J12-3
Added Pin To Net: NetName=BATT_GND Pin=J12-4
Added Pin To Net: NetName=+5 Pin=J12-5
Added Pin To Net: NetName=BATT_GND Pin=J12-6
Added Pin To Net: NetName=+5 Pin=J12-7
Added Pin To Net: NetName=BATT_GND Pin=J12-8
Added Member To Class: ClassName=Sheet1 Member=Component J12 HTSW-104-07-G-D
Added Room: Name=Sheet1
