Removed Pin From Net: NetName=NetC9_2 Pin=R10-2
Removed Pin From Net: NetName=H_B_sense_1 Pin=R11-2
Removed Pin From Net: NetName=NetC10_2 Pin=R12-2
Removed Pin From Net: NetName=H_B_sense_2 Pin=R13-2
Removed Pin From Net: NetName=NetC21_2 Pin=R18-2
Removed Pin From Net: NetName=H_B_sense_4 Pin=R19-2
Removed Pin From Net: NetName=NetC22_2 Pin=R20-2
Change Component Footprint: Designator=R2 Old Footprint=RESC2013X50X30ML20T20 New Footprint=FP-RP73P-1J-MFG
Change Component Footprint: Designator=R11 Old Footprint=RESC2013X50X30ML20T20 New Footprint=FP-RP73P-1J-MFG
Change Component Footprint: Designator=R21 Old Footprint=RESC2013X50X30ML20T20 New Footprint=FP-RP73P-1J-MFG
Change Component Footprint: Designator=R13 Old Footprint=RESC2013X50X30ML20T20 New Footprint=RESC1609X50X30NL10T20
Change Component Footprint: Designator=R19 Old Footprint=RESC2013X50X30ML20T20 New Footprint=RESC1609X50X30NL10T20
Change Component Footprint: Designator=R4 Old Footprint=RESC2013X50X30NL20T20 New Footprint=RESC1608X55X30ML15T15
Change Component Footprint: Designator=R10 Old Footprint=RESC2013X60X40ML20T25 New Footprint=FP-RP73P-1J-MFG
Change Component Footprint: Designator=R18 Old Footprint=RESC2013X60X40ML20T25 New Footprint=FP-RP73P-1J-MFG
Change Component Footprint: Designator=R12 Old Footprint=RESC2013X60X40ML20T25 New Footprint=RESC1609X50X30NL10T20
Change Component Footprint: Designator=R20 Old Footprint=RESC2013X60X40ML20T25 New Footprint=RESC1609X50X30NL10T20
Change Component Comment : Designator=R13 Old Comment=1K New Comment=CRCW0603510RFKEA
Change Component Comment : Designator=R19 Old Comment=1K New Comment=CRCW0603510RFKEA
Change Component Comment : Designator=R11 Old Comment=1K New Comment=RP73PF1J1K0BTDF
Change Component Comment : Designator=R21 Old Comment=1K New Comment=RP73PF1J1K0BTDF
Change Component Comment : Designator=R4 Old Comment=121 ohm New Comment=ERJ-3EKF1210V
Change Component Comment : Designator=R2 Old Comment=CRCW08051K00FKEB New Comment=RP73PF1J1K0BTDF
Change Component Comment : Designator=R12 Old Comment=ERA6AEB511V New Comment=CRCW0603510RFKEA
Change Component Comment : Designator=R20 Old Comment=ERA6AEB511V New Comment=CRCW0603510RFKEA
Change Component Comment : Designator=R10 Old Comment=ERA6AEB511V New Comment=RP73PF1J1K0BTDF
Change Component Comment : Designator=R18 Old Comment=ERA6AEB511V New Comment=RP73PF1J1K0BTDF
Change Managed Component Library Link : Designator=R2 Old VaultGUID=B7D15EC3-160A-466F-A46C-7801FE6295A7 New VaultGUID=B7D15EC3-160A-466F-A46C-7801FE6295A7 Old ItemGUID=3095ADE0-6BE4-4818-9942-442BFC9FB12E New ItemGUID=225BAE06-6958-4B8D-828E-1ACB78AAE971 Old RevisionGUID=04FDEB59-4B90-4629-9A11-7FFA69AFEC8D New RevisionGUID=688071CA-AFBB-48F7-AE77-7D138127EF98
Change Managed Component Library Link : Designator=R4 Old VaultGUID=B7D15EC3-160A-466F-A46C-7801FE6295A7 New VaultGUID=B7D15EC3-160A-466F-A46C-7801FE6295A7 Old ItemGUID=01C70C04-6102-43C7-BAFF-BE7224E8B07F New ItemGUID=2E76BE01-83AB-4A09-81D5-E500B5E5560E Old RevisionGUID=3586DB5C-6F1B-4958-BDB3-B9223ADCB498 New RevisionGUID=D96B7E84-5F7C-4F1F-B5EE-117F882506E5
Change Managed Component Library Link : Designator=R10 Old VaultGUID=B7D15EC3-160A-466F-A46C-7801FE6295A7 New VaultGUID=B7D15EC3-160A-466F-A46C-7801FE6295A7 Old ItemGUID=49CE34AF-7FAD-49D2-A51D-DCD85433BC48 New ItemGUID=225BAE06-6958-4B8D-828E-1ACB78AAE971 Old RevisionGUID=1E2A8CAC-0BE6-4F1F-8132-65F87139C65C New RevisionGUID=688071CA-AFBB-48F7-AE77-7D138127EF98
Change Managed Component Library Link : Designator=R11 Old VaultGUID=B7D15EC3-160A-466F-A46C-7801FE6295A7 New VaultGUID=B7D15EC3-160A-466F-A46C-7801FE6295A7 Old ItemGUID=3095ADE0-6BE4-4818-9942-442BFC9FB12E New ItemGUID=225BAE06-6958-4B8D-828E-1ACB78AAE971 Old RevisionGUID=04FDEB59-4B90-4629-9A11-7FFA69AFEC8D New RevisionGUID=688071CA-AFBB-48F7-AE77-7D138127EF98
Change Managed Component Library Link : Designator=R12 Old VaultGUID=B7D15EC3-160A-466F-A46C-7801FE6295A7 New VaultGUID=B7D15EC3-160A-466F-A46C-7801FE6295A7 Old ItemGUID=49CE34AF-7FAD-49D2-A51D-DCD85433BC48 New ItemGUID=022462E1-CA02-4259-80E3-928402002910 Old RevisionGUID=1E2A8CAC-0BE6-4F1F-8132-65F87139C65C New RevisionGUID=04F12E1E-8F87-45A0-9F01-331EA3280176
Change Managed Component Library Link : Designator=R13 Old VaultGUID=B7D15EC3-160A-466F-A46C-7801FE6295A7 New VaultGUID=B7D15EC3-160A-466F-A46C-7801FE6295A7 Old ItemGUID=3095ADE0-6BE4-4818-9942-442BFC9FB12E New ItemGUID=022462E1-CA02-4259-80E3-928402002910 Old RevisionGUID=04FDEB59-4B90-4629-9A11-7FFA69AFEC8D New RevisionGUID=04F12E1E-8F87-45A0-9F01-331EA3280176
Change Managed Component Library Link : Designator=R18 Old VaultGUID=B7D15EC3-160A-466F-A46C-7801FE6295A7 New VaultGUID=B7D15EC3-160A-466F-A46C-7801FE6295A7 Old ItemGUID=49CE34AF-7FAD-49D2-A51D-DCD85433BC48 New ItemGUID=225BAE06-6958-4B8D-828E-1ACB78AAE971 Old RevisionGUID=1E2A8CAC-0BE6-4F1F-8132-65F87139C65C New RevisionGUID=688071CA-AFBB-48F7-AE77-7D138127EF98
Change Managed Component Library Link : Designator=R19 Old VaultGUID=B7D15EC3-160A-466F-A46C-7801FE6295A7 New VaultGUID=B7D15EC3-160A-466F-A46C-7801FE6295A7 Old ItemGUID=3095ADE0-6BE4-4818-9942-442BFC9FB12E New ItemGUID=022462E1-CA02-4259-80E3-928402002910 Old RevisionGUID=04FDEB59-4B90-4629-9A11-7FFA69AFEC8D New RevisionGUID=04F12E1E-8F87-45A0-9F01-331EA3280176
Change Managed Component Library Link : Designator=R20 Old VaultGUID=B7D15EC3-160A-466F-A46C-7801FE6295A7 New VaultGUID=B7D15EC3-160A-466F-A46C-7801FE6295A7 Old ItemGUID=49CE34AF-7FAD-49D2-A51D-DCD85433BC48 New ItemGUID=022462E1-CA02-4259-80E3-928402002910 Old RevisionGUID=1E2A8CAC-0BE6-4F1F-8132-65F87139C65C New RevisionGUID=04F12E1E-8F87-45A0-9F01-331EA3280176
Change Managed Component Library Link : Designator=R21 Old VaultGUID=B7D15EC3-160A-466F-A46C-7801FE6295A7 New VaultGUID=B7D15EC3-160A-466F-A46C-7801FE6295A7 Old ItemGUID=3095ADE0-6BE4-4818-9942-442BFC9FB12E New ItemGUID=225BAE06-6958-4B8D-828E-1ACB78AAE971 Old RevisionGUID=04FDEB59-4B90-4629-9A11-7FFA69AFEC8D New RevisionGUID=688071CA-AFBB-48F7-AE77-7D138127EF98
Change component parameters: Designator = "R13" ("R13"); Footprint = "RESC2013X50X30ML20T20"; UniqueID = "\UOFJYTSN" ("\UOFJYTSN")
Change component parameters (AddParameter): Name = "Manufacturer"; Value = "Vishay Dale"; VariantName = "[No Variations]"
Change component parameters (AddParameter): Name = "Part Number"; Value = "CRCW0603510RFKEA"; VariantName = "[No Variations]"
Change component parameters: Designator = "R19" ("R19"); Footprint = "RESC2013X50X30ML20T20"; UniqueID = "\KEOSILVI" ("\KEOSILVI")
Change component parameters (AddParameter): Name = "Manufacturer"; Value = "Vishay Dale"; VariantName = "[No Variations]"
Change component parameters (AddParameter): Name = "Part Number"; Value = "CRCW0603510RFKEA"; VariantName = "[No Variations]"
Change component parameters: Designator = "R4" ("R4"); Footprint = "RESC2013X50X30NL20T20"; UniqueID = "\YSBWKHDP" ("\YSBWKHDP")
Change component parameters (AddParameter): Name = "Manufacturer"; Value = "Panasonic"; VariantName = "[No Variations]"
Change component parameters (AddParameter): Name = "Part Number"; Value = "ERJ-3EKF1210V"; VariantName = "[No Variations]"
Change component parameters: Designator = "R12" ("R12"); Footprint = "RESC2013X60X40ML20T25"; UniqueID = "\BHENUQOP" ("\BHENUQOP")
Change component parameters (AddParameter): Name = "Manufacturer"; Value = "Vishay Dale"; VariantName = "[No Variations]"
Change component parameters (AddParameter): Name = "Part Number"; Value = "CRCW0603510RFKEA"; VariantName = "[No Variations]"
Change component parameters: Designator = "R20" ("R20"); Footprint = "RESC2013X60X40ML20T25"; UniqueID = "\XCQLEGMZ" ("\XCQLEGMZ")
Change component parameters (AddParameter): Name = "Manufacturer"; Value = "Vishay Dale"; VariantName = "[No Variations]"
Change component parameters (AddParameter): Name = "Part Number"; Value = "CRCW0603510RFKEA"; VariantName = "[No Variations]"
Change component parameters: Designator = "R2" ("R2"); Footprint = "RESC2013X50X30ML20T20"; UniqueID = "\JIEVJLWV" ("\JIEVJLWV")
Change component parameters (AddParameter): Name = "Automotive"; Value = "No"; VariantName = "[No Variations]"
Change component parameters (AddParameter): Name = "Category"; Value = "Res"; VariantName = "[No Variations]"
Change component parameters (AddParameter): Name = "ComponentLink2Description"; Value = "Datasheet"; VariantName = "[No Variations]"
Change component parameters (AddParameter): Name = "ComponentLink2URL"; Value = "https://www.te.com/commerce/DocumentDelivery/DDEController?Action=srchrtrv&DocNm=1773272&DocType=DS&DocLang=English"; VariantName = "[No Variations]"
Change component parameters (AddParameter): Name = "Composition"; Value = "Thin Film"; VariantName = "[No Variations]"
Change component parameters (AddParameter): Name = "Device Class L1"; Value = "Passive Components"; VariantName = "[No Variations]"
Change component parameters (AddParameter): Name = "Device Class L2"; Value = "Resistors"; VariantName = "[No Variations]"
Change component parameters (AddParameter): Name = "Device Class L3"; Value = "Chip SMD Resistors"; VariantName = "[No Variations]"
Change component parameters (AddParameter): Name = "Digikey Description"; Value = "RES SMD 1K OHM 0.1% 1/6W 0603"; VariantName = "[No Variations]"
Change component parameters (AddParameter): Name = "Height"; Value = "0.55mm"; VariantName = "[No Variations]"
Change component parameters (AddParameter): Name = "Ipc Land Pattern Name"; Value = "RESC15580X45"; VariantName = "[No Variations]"
Change component parameters (AddParameter): Name = "Lead Free"; Value = "Yes"; VariantName = "[No Variations]"
Change component parameters (AddParameter): Name = "Manufacturer"; Value = "TE Connectivity"; VariantName = "[No Variations]"
Change component parameters (AddParameter): Name = "Manufacturer Part Number"; Value = "RP73PF1J1K0BTDF"; VariantName = "[No Variations]"
Change component parameters (AddParameter): Name = "Octopart"; Value = "https://octopart.com/rp73pf1j1k0btdf-te+connectivity-45465729"; VariantName = "[No Variations]"
Change component parameters (AddParameter): Name = "Package"; Value = "RP73P-1J"; VariantName = "[No Variations]"
Change component parameters (AddParameter): Name = "Power Rating"; Value = "0.166W"; VariantName = "[No Variations]"
Change component parameters (AddParameter): Name = "Resistance"; Value = "1KO"; VariantName = "[No Variations]"
Change component parameters (AddParameter): Name = "RoHS"; Value = "TRUE"; VariantName = "[No Variations]"
Change component parameters (AddParameter): Name = "Series"; Value = "RP73P"; VariantName = "[No Variations]"
Change component parameters (AddParameter): Name = "Temperature"; Value = "-55°C to +155°C"; VariantName = "[No Variations]"
Change component parameters (AddParameter): Name = "Temperature Coefficient"; Value = "25ppm/°C"; VariantName = "[No Variations]"
Change component parameters (AddParameter): Name = "Temperature Range High"; Value = "+155°C"; VariantName = "[No Variations]"
Change component parameters (AddParameter): Name = "Temperature Range Low"; Value = "-55°C"; VariantName = "[No Variations]"
Change component parameters (AddParameter): Name = "Tolerance"; Value = "0.001"; VariantName = "[No Variations]"
Change component parameters (AddParameter): Name = "Value"; Value = "1KO"; VariantName = "[No Variations]"
Change component parameters (AddParameter): Name = "Voltage Rating"; Value = "100V"; VariantName = "[No Variations]"
Change component parameters: Designator = "R10" ("R10"); Footprint = "RESC2013X60X40ML20T25"; UniqueID = "\IZHRVMMW" ("\IZHRVMMW")
Change component parameters (AddParameter): Name = "Automotive"; Value = "No"; VariantName = "[No Variations]"
Change component parameters (AddParameter): Name = "Category"; Value = "Res"; VariantName = "[No Variations]"
Change component parameters (AddParameter): Name = "ComponentLink2Description"; Value = "Datasheet"; VariantName = "[No Variations]"
Change component parameters (AddParameter): Name = "ComponentLink2URL"; Value = "https://www.te.com/commerce/DocumentDelivery/DDEController?Action=srchrtrv&DocNm=1773272&DocType=DS&DocLang=English"; VariantName = "[No Variations]"
Change component parameters (AddParameter): Name = "Composition"; Value = "Thin Film"; VariantName = "[No Variations]"
Change component parameters (AddParameter): Name = "Device Class L1"; Value = "Passive Components"; VariantName = "[No Variations]"
Change component parameters (AddParameter): Name = "Device Class L2"; Value = "Resistors"; VariantName = "[No Variations]"
Change component parameters (AddParameter): Name = "Device Class L3"; Value = "Chip SMD Resistors"; VariantName = "[No Variations]"
Change component parameters (AddParameter): Name = "Digikey Description"; Value = "RES SMD 1K OHM 0.1% 1/6W 0603"; VariantName = "[No Variations]"
Change component parameters (AddParameter): Name = "Height"; Value = "0.55mm"; VariantName = "[No Variations]"
Change component parameters (AddParameter): Name = "Ipc Land Pattern Name"; Value = "RESC15580X45"; VariantName = "[No Variations]"
Change component parameters (AddParameter): Name = "Lead Free"; Value = "Yes"; VariantName = "[No Variations]"
Change component parameters (AddParameter): Name = "Manufacturer"; Value = "TE Connectivity"; VariantName = "[No Variations]"
Change component parameters (AddParameter): Name = "Manufacturer Part Number"; Value = "RP73PF1J1K0BTDF"; VariantName = "[No Variations]"
Change component parameters (AddParameter): Name = "Octopart"; Value = "https://octopart.com/rp73pf1j1k0btdf-te+connectivity-45465729"; VariantName = "[No Variations]"
Change component parameters (AddParameter): Name = "Package"; Value = "RP73P-1J"; VariantName = "[No Variations]"
Change component parameters (AddParameter): Name = "Power Rating"; Value = "0.166W"; VariantName = "[No Variations]"
Change component parameters (AddParameter): Name = "Resistance"; Value = "1KO"; VariantName = "[No Variations]"
Change component parameters (AddParameter): Name = "RoHS"; Value = "TRUE"; VariantName = "[No Variations]"
Change component parameters (AddParameter): Name = "Series"; Value = "RP73P"; VariantName = "[No Variations]"
Change component parameters (AddParameter): Name = "Temperature"; Value = "-55°C to +155°C"; VariantName = "[No Variations]"
Change component parameters (AddParameter): Name = "Temperature Coefficient"; Value = "25ppm/°C"; VariantName = "[No Variations]"
Change component parameters (AddParameter): Name = "Temperature Range High"; Value = "+155°C"; VariantName = "[No Variations]"
Change component parameters (AddParameter): Name = "Temperature Range Low"; Value = "-55°C"; VariantName = "[No Variations]"
Change component parameters (AddParameter): Name = "Tolerance"; Value = "0.001"; VariantName = "[No Variations]"
Change component parameters (AddParameter): Name = "Value"; Value = "1KO"; VariantName = "[No Variations]"
Change component parameters (AddParameter): Name = "Voltage Rating"; Value = "100V"; VariantName = "[No Variations]"
Change component parameters: Designator = "R11" ("R11"); Footprint = "RESC2013X50X30ML20T20"; UniqueID = "\EOKGXAQP" ("\EOKGXAQP")
Change component parameters (AddParameter): Name = "Automotive"; Value = "No"; VariantName = "[No Variations]"
Change component parameters (AddParameter): Name = "Category"; Value = "Res"; VariantName = "[No Variations]"
Change component parameters (AddParameter): Name = "ComponentLink2Description"; Value = "Datasheet"; VariantName = "[No Variations]"
Change component parameters (AddParameter): Name = "ComponentLink2URL"; Value = "https://www.te.com/commerce/DocumentDelivery/DDEController?Action=srchrtrv&DocNm=1773272&DocType=DS&DocLang=English"; VariantName = "[No Variations]"
Change component parameters (AddParameter): Name = "Composition"; Value = "Thin Film"; VariantName = "[No Variations]"
Change component parameters (AddParameter): Name = "Device Class L1"; Value = "Passive Components"; VariantName = "[No Variations]"
Change component parameters (AddParameter): Name = "Device Class L2"; Value = "Resistors"; VariantName = "[No Variations]"
Change component parameters (AddParameter): Name = "Device Class L3"; Value = "Chip SMD Resistors"; VariantName = "[No Variations]"
Change component parameters (AddParameter): Name = "Digikey Description"; Value = "RES SMD 1K OHM 0.1% 1/6W 0603"; VariantName = "[No Variations]"
Change component parameters (AddParameter): Name = "Height"; Value = "0.55mm"; VariantName = "[No Variations]"
Change component parameters (AddParameter): Name = "Ipc Land Pattern Name"; Value = "RESC15580X45"; VariantName = "[No Variations]"
Change component parameters (AddParameter): Name = "Lead Free"; Value = "Yes"; VariantName = "[No Variations]"
Change component parameters (AddParameter): Name = "Manufacturer"; Value = "TE Connectivity"; VariantName = "[No Variations]"
Change component parameters (AddParameter): Name = "Manufacturer Part Number"; Value = "RP73PF1J1K0BTDF"; VariantName = "[No Variations]"
Change component parameters (AddParameter): Name = "Octopart"; Value = "https://octopart.com/rp73pf1j1k0btdf-te+connectivity-45465729"; VariantName = "[No Variations]"
Change component parameters (AddParameter): Name = "Package"; Value = "RP73P-1J"; VariantName = "[No Variations]"
Change component parameters (AddParameter): Name = "Power Rating"; Value = "0.166W"; VariantName = "[No Variations]"
Change component parameters (AddParameter): Name = "Resistance"; Value = "1KO"; VariantName = "[No Variations]"
Change component parameters (AddParameter): Name = "RoHS"; Value = "TRUE"; VariantName = "[No Variations]"
Change component parameters (AddParameter): Name = "Series"; Value = "RP73P"; VariantName = "[No Variations]"
Change component parameters (AddParameter): Name = "Temperature"; Value = "-55°C to +155°C"; VariantName = "[No Variations]"
Change component parameters (AddParameter): Name = "Temperature Coefficient"; Value = "25ppm/°C"; VariantName = "[No Variations]"
Change component parameters (AddParameter): Name = "Temperature Range High"; Value = "+155°C"; VariantName = "[No Variations]"
Change component parameters (AddParameter): Name = "Temperature Range Low"; Value = "-55°C"; VariantName = "[No Variations]"
Change component parameters (AddParameter): Name = "Tolerance"; Value = "0.001"; VariantName = "[No Variations]"
Change component parameters (AddParameter): Name = "Value"; Value = "1KO"; VariantName = "[No Variations]"
Change component parameters (AddParameter): Name = "Voltage Rating"; Value = "100V"; VariantName = "[No Variations]"
Change component parameters: Designator = "R18" ("R18"); Footprint = "RESC2013X60X40ML20T25"; UniqueID = "\LSVRERZT" ("\LSVRERZT")
Change component parameters (AddParameter): Name = "Automotive"; Value = "No"; VariantName = "[No Variations]"
Change component parameters (AddParameter): Name = "Category"; Value = "Res"; VariantName = "[No Variations]"
Change component parameters (AddParameter): Name = "ComponentLink2Description"; Value = "Datasheet"; VariantName = "[No Variations]"
Change component parameters (AddParameter): Name = "ComponentLink2URL"; Value = "https://www.te.com/commerce/DocumentDelivery/DDEController?Action=srchrtrv&DocNm=1773272&DocType=DS&DocLang=English"; VariantName = "[No Variations]"
Change component parameters (AddParameter): Name = "Composition"; Value = "Thin Film"; VariantName = "[No Variations]"
Change component parameters (AddParameter): Name = "Device Class L1"; Value = "Passive Components"; VariantName = "[No Variations]"
Change component parameters (AddParameter): Name = "Device Class L2"; Value = "Resistors"; VariantName = "[No Variations]"
Change component parameters (AddParameter): Name = "Device Class L3"; Value = "Chip SMD Resistors"; VariantName = "[No Variations]"
Change component parameters (AddParameter): Name = "Digikey Description"; Value = "RES SMD 1K OHM 0.1% 1/6W 0603"; VariantName = "[No Variations]"
Change component parameters (AddParameter): Name = "Height"; Value = "0.55mm"; VariantName = "[No Variations]"
Change component parameters (AddParameter): Name = "Ipc Land Pattern Name"; Value = "RESC15580X45"; VariantName = "[No Variations]"
Change component parameters (AddParameter): Name = "Lead Free"; Value = "Yes"; VariantName = "[No Variations]"
Change component parameters (AddParameter): Name = "Manufacturer"; Value = "TE Connectivity"; VariantName = "[No Variations]"
Change component parameters (AddParameter): Name = "Manufacturer Part Number"; Value = "RP73PF1J1K0BTDF"; VariantName = "[No Variations]"
Change component parameters (AddParameter): Name = "Octopart"; Value = "https://octopart.com/rp73pf1j1k0btdf-te+connectivity-45465729"; VariantName = "[No Variations]"
Change component parameters (AddParameter): Name = "Package"; Value = "RP73P-1J"; VariantName = "[No Variations]"
Change component parameters (AddParameter): Name = "Power Rating"; Value = "0.166W"; VariantName = "[No Variations]"
Change component parameters (AddParameter): Name = "Resistance"; Value = "1KO"; VariantName = "[No Variations]"
Change component parameters (AddParameter): Name = "RoHS"; Value = "TRUE"; VariantName = "[No Variations]"
Change component parameters (AddParameter): Name = "Series"; Value = "RP73P"; VariantName = "[No Variations]"
Change component parameters (AddParameter): Name = "Temperature"; Value = "-55°C to +155°C"; VariantName = "[No Variations]"
Change component parameters (AddParameter): Name = "Temperature Coefficient"; Value = "25ppm/°C"; VariantName = "[No Variations]"
Change component parameters (AddParameter): Name = "Temperature Range High"; Value = "+155°C"; VariantName = "[No Variations]"
Change component parameters (AddParameter): Name = "Temperature Range Low"; Value = "-55°C"; VariantName = "[No Variations]"
Change component parameters (AddParameter): Name = "Tolerance"; Value = "0.001"; VariantName = "[No Variations]"
Change component parameters (AddParameter): Name = "Value"; Value = "1KO"; VariantName = "[No Variations]"
Change component parameters (AddParameter): Name = "Voltage Rating"; Value = "100V"; VariantName = "[No Variations]"
Change component parameters: Designator = "R21" ("R21"); Footprint = "RESC2013X50X30ML20T20"; UniqueID = "\DRUQJUFV" ("\DRUQJUFV")
Change component parameters (AddParameter): Name = "Automotive"; Value = "No"; VariantName = "[No Variations]"
Change component parameters (AddParameter): Name = "Category"; Value = "Res"; VariantName = "[No Variations]"
Change component parameters (AddParameter): Name = "ComponentLink2Description"; Value = "Datasheet"; VariantName = "[No Variations]"
Change component parameters (AddParameter): Name = "ComponentLink2URL"; Value = "https://www.te.com/commerce/DocumentDelivery/DDEController?Action=srchrtrv&DocNm=1773272&DocType=DS&DocLang=English"; VariantName = "[No Variations]"
Change component parameters (AddParameter): Name = "Composition"; Value = "Thin Film"; VariantName = "[No Variations]"
Change component parameters (AddParameter): Name = "Device Class L1"; Value = "Passive Components"; VariantName = "[No Variations]"
Change component parameters (AddParameter): Name = "Device Class L2"; Value = "Resistors"; VariantName = "[No Variations]"
Change component parameters (AddParameter): Name = "Device Class L3"; Value = "Chip SMD Resistors"; VariantName = "[No Variations]"
Change component parameters (AddParameter): Name = "Digikey Description"; Value = "RES SMD 1K OHM 0.1% 1/6W 0603"; VariantName = "[No Variations]"
Change component parameters (AddParameter): Name = "Height"; Value = "0.55mm"; VariantName = "[No Variations]"
Change component parameters (AddParameter): Name = "Ipc Land Pattern Name"; Value = "RESC15580X45"; VariantName = "[No Variations]"
Change component parameters (AddParameter): Name = "Lead Free"; Value = "Yes"; VariantName = "[No Variations]"
Change component parameters (AddParameter): Name = "Manufacturer"; Value = "TE Connectivity"; VariantName = "[No Variations]"
Change component parameters (AddParameter): Name = "Manufacturer Part Number"; Value = "RP73PF1J1K0BTDF"; VariantName = "[No Variations]"
Change component parameters (AddParameter): Name = "Octopart"; Value = "https://octopart.com/rp73pf1j1k0btdf-te+connectivity-45465729"; VariantName = "[No Variations]"
Change component parameters (AddParameter): Name = "Package"; Value = "RP73P-1J"; VariantName = "[No Variations]"
Change component parameters (AddParameter): Name = "Power Rating"; Value = "0.166W"; VariantName = "[No Variations]"
Change component parameters (AddParameter): Name = "Resistance"; Value = "1KO"; VariantName = "[No Variations]"
Change component parameters (AddParameter): Name = "RoHS"; Value = "TRUE"; VariantName = "[No Variations]"
Change component parameters (AddParameter): Name = "Series"; Value = "RP73P"; VariantName = "[No Variations]"
Change component parameters (AddParameter): Name = "Temperature"; Value = "-55°C to +155°C"; VariantName = "[No Variations]"
Change component parameters (AddParameter): Name = "Temperature Coefficient"; Value = "25ppm/°C"; VariantName = "[No Variations]"
Change component parameters (AddParameter): Name = "Temperature Range High"; Value = "+155°C"; VariantName = "[No Variations]"
Change component parameters (AddParameter): Name = "Temperature Range Low"; Value = "-55°C"; VariantName = "[No Variations]"
Change component parameters (AddParameter): Name = "Tolerance"; Value = "0.001"; VariantName = "[No Variations]"
Change component parameters (AddParameter): Name = "Value"; Value = "1KO"; VariantName = "[No Variations]"
Change component parameters (AddParameter): Name = "Voltage Rating"; Value = "100V"; VariantName = "[No Variations]"
Added Pin To Net: NetName=H_B_sense_1 Pin=R10-2
Added Pin To Net: NetName=H_B_sense_2 Pin=R11-2
Added Pin To Net: NetName=NetC9_2 Pin=R12-2
Added Pin To Net: NetName=NetC10_2 Pin=R13-2
Added Pin To Net: NetName=H_B_sense_4 Pin=R18-2
Added Pin To Net: NetName=NetC22_2 Pin=R19-2
Added Pin To Net: NetName=NetC21_2 Pin=R20-2
Added Room: Name=Sheet1
