Removed Pin From Net: NetName=Current_SDA Pin=J11-1
Removed Pin From Net: NetName=Current_SCL Pin=J12-1
Removed Pin From Net: NetName=Current_SDA_1 Pin=J22-1
Removed Pin From Net: NetName=Current_SCL_1 Pin=J25-1
Removed Pin From Net: NetName=Current_SDA_3 Pin=J26-1
Removed Pin From Net: NetName=Current_SDA_4 Pin=J27-1
Removed Pin From Net: NetName=Current_SDA_2 Pin=J28-1
Removed Pin From Net: NetName=Current_SCL_3 Pin=J29-1
Removed Pin From Net: NetName=Current_SCL_4 Pin=J30-1
Removed Pin From Net: NetName=Current_SCL_2 Pin=J31-1
Removed Member From Class: ClassName=Sheet1 Member=J22
Removed Member From Class: ClassName=Sheet1 Member=J25
Removed Member From Class: ClassName=Sheet1 Member=J26
Removed Member From Class: ClassName=Sheet1 Member=J27
Removed Member From Class: ClassName=Sheet1 Member=J28
Removed Member From Class: ClassName=Sheet1 Member=J29
Removed Member From Class: ClassName=Sheet1 Member=J30
Removed Member From Class: ClassName=Sheet1 Member=J31
Change Component Footprint: Designator=J11 Old Footprint=61300111121 New Footprint=FP-D2510-6002-AR-MFG
Change Component Comment : Designator=J11 Old Comment=61300111121 New Comment=D2510-6002-AR
Change Managed Component Library Link : Designator=J11 Old VaultGUID=B7D15EC3-160A-466F-A46C-7801FE6295A7 New VaultGUID=B7D15EC3-160A-466F-A46C-7801FE6295A7 Old ItemGUID=2009FDDC-A3A7-4D90-98B6-8853ED899228 New ItemGUID=CDA852C7-AF99-43B8-82A0-D45AC775DFCB Old RevisionGUID=50199FFB-CDD7-40B1-9CD1-F6D3E8A5CBD8 New RevisionGUID=9BDDBA7A-E9DB-44A4-99C1-3EA1A3200407
Change component parameters: Designator = "J11" ("J11"); Footprint = "61300111121"; UniqueID = "\JJNPGWOH" ("\JJNPGWOH")
Change component parameters (AddParameter): Name = "Automotive"; Value = "No"; VariantName = "[No Variations]"
Change component parameters (AddParameter): Name = "Category"; Value = "Conn"; VariantName = "[No Variations]"
Change component parameters (AddParameter): Name = "ComponentLink2Description"; Value = "Datasheet"; VariantName = "[No Variations]"
Change component parameters (AddParameter): Name = "ComponentLink2URL"; Value = "http://multimedia.3m.com/mws/media/485877O/3m-four-wall-header-d2500-series-ts-2244.pdf"; VariantName = "[No Variations]"
Change component parameters (AddParameter): Name = "Conn Gender"; Value = "Male"; VariantName = "[No Variations]"
Change component parameters (AddParameter): Name = "Conn Orientation"; Value = "Straight"; VariantName = "[No Variations]"
Change component parameters (AddParameter): Name = "Contact Material"; Value = "Gold,Nickel"; VariantName = "[No Variations]"
Change component parameters (AddParameter): Name = "Current Rating"; Value = "1.75A"; VariantName = "[No Variations]"
Change component parameters (AddParameter): Name = "Device Class L1"; Value = "Connectors"; VariantName = "[No Variations]"
Change component parameters (AddParameter): Name = "Device Class L2"; Value = "Headers and Wire Housings"; VariantName = "[No Variations]"
Change component parameters (AddParameter): Name = "Device Class L3"; Value = "unset"; VariantName = "[No Variations]"
Change component parameters (AddParameter): Name = "Digikey Description"; Value = "CONN HEADER VERT 10POS 2.54MM"; VariantName = "[No Variations]"
Change component parameters (AddParameter): Name = "Height"; Value = "10.04mm"; VariantName = "[No Variations]"
Change component parameters (AddParameter): Name = "Lead Free"; Value = "Yes"; VariantName = "[No Variations]"
Change component parameters (AddParameter): Name = "Manufacturer"; Value = "3M"; VariantName = "[No Variations]"
Change component parameters (AddParameter): Name = "Manufacturer Part Number"; Value = "D2510-6002-AR"; VariantName = "[No Variations]"
Change component parameters (AddParameter): Name = "Mouser Description"; Value = "Headers & Wire Housings 10P 4WALL HEADER STRT L-PRO THRU-HOLE"; VariantName = "[No Variations]"
Change component parameters (AddParameter): Name = "Number Of Contacts"; Value = "10"; VariantName = "[No Variations]"
Change component parameters (AddParameter): Name = "Number Of Rows"; Value = "2"; VariantName = "[No Variations]"
Change component parameters (AddParameter): Name = "Octopart"; Value = "https://octopart.com/d2510-6002-ar-3m-8399032"; VariantName = "[No Variations]"
Change component parameters (AddParameter): Name = "Package"; Value = "D2510-6002-AR"; VariantName = "[No Variations]"
Change component parameters (AddParameter): Name = "Pitch"; Value = "2.54mm"; VariantName = "[No Variations]"
Change component parameters (AddParameter): Name = "RoHS"; Value = "TRUE"; VariantName = "[No Variations]"
Change component parameters (AddParameter): Name = "Temperature"; Value = "-55°C to +105°C"; VariantName = "[No Variations]"
Change component parameters (AddParameter): Name = "Temperature Range High"; Value = "+105°C"; VariantName = "[No Variations]"
Change component parameters (AddParameter): Name = "Temperature Range Low"; Value = "-55°C"; VariantName = "[No Variations]"
Added Component: Designator=P1(TECO-640456-6_V)
Add component (AddParameter): Name = "Agency Approvals"; Value = "CSA,UL"; VariantName = "[No Variations]"
Add component (AddParameter): Name = "Angle"; Value = "Straight"; VariantName = "[No Variations]"
Add component (AddParameter): Name = "Brand/Series"; Value = "MTA-100Series"; VariantName = "[No Variations]"
Add component (AddParameter): Name = "Color"; Value = "White"; VariantName = "[No Variations]"
Add component (AddParameter): Name = "Color, Housing"; Value = "White"; VariantName = "[No Variations]"
Add component (AddParameter): Name = "Connector Type"; Value = "MTA-100"; VariantName = "[No Variations]"
Add component (AddParameter): Name = "Contact Centerline Spacing"; Value = "0.100

in."; VariantName = "[No Variations]"
Add component (AddParameter): Name = "Contact Mating Area Plating"; Value = "Tin"; VariantName = "[No Variations]"
Add component (AddParameter): Name = "Contact Plating"; Value = "Tin"; VariantName = "[No Variations]"
Add component (AddParameter): Name = "Contact Shape"; Value = "Square"; VariantName = "[No Variations]"
Add component (AddParameter): Name = "Contact Termination Area Plating"; Value = "Tin"; VariantName = "[No Variations]"
Add component (AddParameter): Name = "Current, Rating"; Value = "5

A"; VariantName = "[No Variations]"
Add component (AddParameter): Name = "Datasheet URL"; Value = "https://datasheet.ciiva.com/25618/0900766b80eb7fdd-25618163.pdf"; VariantName = "[No Variations]"
Add component (AddParameter): Name = "Datasheet Version"; Value = "Rev. W, 05/2005"; VariantName = "[No Variations]"
Add component (AddParameter): Name = "Flammability Rating"; Value = "UL94V-0"; VariantName = "[No Variations]"
Add component (AddParameter): Name = "Length, Overall"; Value = "0.6

""; VariantName = "[No Variations]"
Add component (AddParameter): Name = "Length, Pin"; Value = "0.14

""; VariantName = "[No Variations]"
Add component (AddParameter): Name = "Length, Terminal Post"; Value = "0.14

in."; VariantName = "[No Variations]"
Add component (AddParameter): Name = "Manufacturer"; Value = "TE Connectivity"; VariantName = "[No Variations]"
Add component (AddParameter): Name = "Manufacturer URL"; Value = "http://www.te.com/"; VariantName = "[No Variations]"
Add component (AddParameter): Name = "Material, Contact"; Value = "CopperAlloy"; VariantName = "[No Variations]"
Add component (AddParameter): Name = "Material, Housing"; Value = "Polyester"; VariantName = "[No Variations]"
Add component (AddParameter): Name = "Mount Angle"; Value = "Vertical"; VariantName = "[No Variations]"
Add component (AddParameter): Name = "Mounting Hole Size"; Value = "0.04

""; VariantName = "[No Variations]"
Add component (AddParameter): Name = "Mounting Technology"; Value = "ThroughHole"; VariantName = "[No Variations]"
Add component (AddParameter): Name = "Mounting Type"; Value = "PCMount"; VariantName = "[No Variations]"
Add component (AddParameter): Name = "Number of Contacts"; Value = "6"; VariantName = "[No Variations]"
Add component (AddParameter): Name = "Number of Positions"; Value = "6"; VariantName = "[No Variations]"
Add component (AddParameter): Name = "Number of Rows"; Value = "1"; VariantName = "[No Variations]"
Add component (AddParameter): Name = "Package Description"; Value = "Male Header, Pitch 2.54 mm, 1 x 6 Position, Height 10.03 mm, Tail Length 3.56 mm"; VariantName = "[No Variations]"
Add component (AddParameter): Name = "Package Reference"; Value = "640456-6"; VariantName = "[No Variations]"
Add component (AddParameter): Name = "Pin Spacing"; Value = "0.1

""; VariantName = "[No Variations]"
Add component (AddParameter): Name = "Primary Type"; Value = "InterconnectSystem"; VariantName = "[No Variations]"
Add component (AddParameter): Name = "Size, Post"; Value = "0.025

in."; VariantName = "[No Variations]"
Add component (AddParameter): Name = "Special Features"; Value = "Pinstrip"; VariantName = "[No Variations]"
Add component (AddParameter): Name = "Standards"; Value = "RoHSCompliant,ELVCompliant,UL94V-0"; VariantName = "[No Variations]"
Add component (AddParameter): Name = "Temperature, Operating"; Value = "-55to+105

°C"; VariantName = "[No Variations]"
Add component (AddParameter): Name = "Termination"; Value = "Solder"; VariantName = "[No Variations]"
Add component (AddParameter): Name = "Type"; Value = "PCBPlug"; VariantName = "[No Variations]"
Add component (AddParameter): Name = "Voltage, Rating"; Value = "250

V"; VariantName = "[No Variations]"
Added Component: Designator=P2(62200821121)
Add component (AddParameter): Name = "Contact Resistance"; Value = "20mOhm"; VariantName = "[No Variations]"
Add component (AddParameter): Name = "Datasheet URL"; Value = "https://katalog.we-online.de/em/datasheet/62200821121.pdf"; VariantName = "[No Variations]"
Add component (AddParameter): Name = "Gender"; Value = "Male"; VariantName = "[No Variations]"
Add component (AddParameter): Name = "Manufacturer"; Value = "Wurth Elektronik"; VariantName = "[No Variations]"
Add component (AddParameter): Name = "Manufacturer URL"; Value = "http://www.we-online.de"; VariantName = "[No Variations]"
Add component (AddParameter): Name = "Mounting Technology"; Value = "THT"; VariantName = "[No Variations]"
Add component (AddParameter): Name = "Operating Temperature"; Value = "-40to105degC"; VariantName = "[No Variations]"
Add component (AddParameter): Name = "Orientation"; Value = "Vertical"; VariantName = "[No Variations]"
Add component (AddParameter): Name = "Package Reference"; Value = "62200821121"; VariantName = "[No Variations]"
Add component (AddParameter): Name = "Packaging"; Value = "Box"; VariantName = "[No Variations]"
Add component (AddParameter): Name = "Part Number"; Value = "62200821121"; VariantName = "[No Variations]"
Add component (AddParameter): Name = "Pin Number"; Value = "8"; VariantName = "[No Variations]"
Add component (AddParameter): Name = "Pitch"; Value = "1.27mm"; VariantName = "[No Variations]"
Add component (AddParameter): Name = "Publisher"; Value = "WurthElektronik"; VariantName = "[No Variations]"
Add component (AddParameter): Name = "Rated Current"; Value = "1A"; VariantName = "[No Variations]"
Add component (AddParameter): Name = "Row Number"; Value = "Dual"; VariantName = "[No Variations]"
Add component (AddParameter): Name = "Withstanding Voltage"; Value = "500VAC"; VariantName = "[No Variations]"
Add component (AddParameter): Name = "Working Voltage"; Value = "100VAC"; VariantName = "[No Variations]"
Added Pin To Net: NetName=Current_SCL Pin=J11-1
Added Pin To Net: NetName=Current_SDA Pin=J11-2
Added Pin To Net: NetName=Current_SCL_1 Pin=J11-3
Added Pin To Net: NetName=Current_SDA_1 Pin=J11-4
Added Pin To Net: NetName=Current_SCL_2 Pin=J11-5
Added Pin To Net: NetName=Current_SDA_2 Pin=J11-6
Added Pin To Net: NetName=Current_SCL_3 Pin=J11-7
Added Pin To Net: NetName=Current_SDA_3 Pin=J11-8
Added Pin To Net: NetName=Current_SCL_4 Pin=J11-9
Added Pin To Net: NetName=Current_SDA_4 Pin=J11-10
Added Pin To Net: NetName=EN1 Pin=P1-1
Added Pin To Net: NetName=EN2 Pin=P1-2
Added Pin To Net: NetName=IN1 Pin=P1-3
Added Pin To Net: NetName=IN2 Pin=P1-4
Added Pin To Net: NetName=IN3 Pin=P1-5
Added Pin To Net: NetName=IN4 Pin=P1-6
Added Pin To Net: NetName=BATT_VCC_IN Pin=P2-1
Added Pin To Net: NetName=BATT_GND Pin=P2-2
Added Pin To Net: NetName=BATT_VCC_IN Pin=P2-3
Added Pin To Net: NetName=BATT_GND Pin=P2-4
Added Pin To Net: NetName=+5 Pin=P2-5
Added Pin To Net: NetName=BATT_GND Pin=P2-6
Added Pin To Net: NetName=+5 Pin=P2-7
Added Pin To Net: NetName=BATT_GND Pin=P2-8
Added Member To Class: ClassName=Sheet1 Member=Component P1 640456-6
Added Member To Class: ClassName=Sheet1 Member=Component P2 62200821121
Added Room: Name=Sheet1
